2018-08-09 13:08:13 - MOD: Modification Default

FILE: system/engine/action.php
REGEX: ~(require|include)(_once)?\(([^)]+)~
LINE: 69

FILE: system/engine/loader.php
REGEX: ~(require|include)(_once)?\(([^)]+)~
LINE: 77
LINE: 151
LINE: 168

FILE: system/library/config.php
REGEX: ~(require|include)(_once)?\(([^)]+)~
LINE: 59

FILE: system/library/language.php
REGEX: ~(require|include)(_once)?\(([^)]+)~
LINE: 67
LINE: 73

FILE: system/library/template/template.php
REGEX: ~(require|include)(_once)?\(([^)]+)~
LINE: 18

FILE: system/library/template/twig.php
CODE: $loader = new \Twig_Loader_Filesystem(DIR_TEMPLATE);
LINE: 19
----------------------------------------------------------------
MOD: Exchange1C Module for OpenCart 2.3

FILE: admin/controller/common/column_left.php
CODE: if ($this->user->hasPermission('access', 'extension/event')) {
NOT FOUND - OPERATIONS ABORTED!

FILE: admin/model/sale/order.php
CODE: 'lastname'                => $order_query->row['lastname'],
LINE: 84

FILE: admin/controller/sale/order.php
CODE: $data['lastname'] = $order_info['lastname'];
LINE: 478
LINE: 812
----------------------------------------------------------------
MOD: Tweak for OpenCart 3x Russkaya sborka
----------------------------------------------------------------
